<?xml version="1.0" encoding="UTF-8"?>
<testng-results ignored="0" total="1" passed="1" failed="0" skipped="0">
  <reporter-output>
  </reporter-output>
  <suite started-at="2023-05-22T13:33:43 EET" name="Default suite" finished-at="2023-05-22T13:33:45 EET" duration-ms="1647">
    <groups>
    </groups>
    <test started-at="2023-05-22T13:33:43 EET" name="Default test" finished-at="2023-05-22T13:33:45 EET" duration-ms="1647">
      <class name="Tests.validateJsonSchema">
        <test-method signature="getUsersApi()[pri:0, instance:Tests.validateJsonSchema@a3d8174]" started-at="2023-05-22T13:33:43 EET" name="getUsersApi" finished-at="2023-05-22T13:33:45 EET" duration-ms="1623" status="PASS">
          <reporter-output>
          </reporter-output>
        </test-method> <!-- getUsersApi -->
      </class> <!-- Tests.validateJsonSchema -->
    </test> <!-- Default test -->
  </suite> <!-- Default suite -->
</testng-results>
